[35msolid-devtools-extension:build: [0mcache hit, replaying output [2mf516c74dc914781d[0m
[35msolid-devtools-extension:build: [0m
[35msolid-devtools-extension:build: [0m> solid-devtools-extension@0.0.1 build /Users/dtarnawski/Repos/solid-devtools/packages/extension
[35msolid-devtools-extension:build: [0m> vite build
[35msolid-devtools-extension:build: [0m
[35msolid-devtools-extension:build: [0mvite v2.9.7 building for production...
[35msolid-devtools-extension:build: [0mtransforming...
[35msolid-devtools-extension:build: [0m✓ 15 modules transformed.
[35msolid-devtools-extension:build: [0mrendering chunks...
[35msolid-devtools-extension:build: [0mdist/assets/logo.123b04bc.svg                                     1.56 KiB
[35msolid-devtools-extension:build: [0mdist/src/devtools/devtools.html                                   0.25 KiB
[35msolid-devtools-extension:build: [0mdist/src/index.html                                               0.63 KiB
[35msolid-devtools-extension:build: [0mdist/manifest.json                                                1.32 KiB
[35msolid-devtools-extension:build: [0mdist/assets/content-script-loader.index.ts.3185ce3e.a0d914c6.js   0.19 KiB
[35msolid-devtools-extension:build: [0mdist/service-worker-loader.js                                     0.04 KiB
[35msolid-devtools-extension:build: [0mdist/public/icons/solid-gray-16.png                               1.08 KiB
[35msolid-devtools-extension:build: [0mdist/public/icons/solid-normal-128.png                            7.66 KiB
[35msolid-devtools-extension:build: [0mdist/public/icons/solid-normal-16.png                             1.08 KiB
[35msolid-devtools-extension:build: [0mdist/public/icons/solid-normal-48.png                             2.60 KiB
[35msolid-devtools-extension:build: [0mdist/public/icons/solid-gray-128.png                              7.07 KiB
[35msolid-devtools-extension:build: [0mdist/public/icons/solid-normal-32.png                             1.67 KiB
[35msolid-devtools-extension:build: [0mdist/public/icons/solid-gray-48.png                               2.52 KiB
[35msolid-devtools-extension:build: [0mdist/public/icons/solid-gray-32.png                               1.66 KiB
[35msolid-devtools-extension:build: [0mdist/assets/variables.82045d5c.js                                 0.05 KiB / gzip: 0.07 KiB
[35msolid-devtools-extension:build: [0mdist/assets/modulepreload-polyfill.b7f2da20.js                    0.70 KiB / gzip: 0.40 KiB
[35msolid-devtools-extension:build: [0mdist/assets/panel.24fd4949.js                                     6.75 KiB / gzip: 2.86 KiB
[35msolid-devtools-extension:build: [0mdist/assets/index.ts.3185ce3e.js                                  0.39 KiB / gzip: 0.25 KiB
[35msolid-devtools-extension:build: [0mdist/assets/index.ts.9b06cfe4.js                                  0.55 KiB / gzip: 0.31 KiB
[35msolid-devtools-extension:build: [0mdist/assets/devtools.html.bcd3e76d.js                             0.23 KiB / gzip: 0.18 KiB
[35msolid-devtools-extension:build: [0mdist/assets/panel.844c893e.css                                    0.70 KiB / gzip: 0.46 KiB
